#
# There is insufficient memory for the Java Runtime Environment to continue.
# Native memory allocation (malloc) failed to allocate 32744 bytes for ChunkPool::allocate
# Possible reasons:
#   The system is out of physical RAM or swap space
#   The process is running with CompressedOops enabled, and the Java Heap may be blocking the growth of the native heap
# Possible solutions:
#   Reduce memory load on the system
#   Increase physical memory or swap space
#   Check if swap backing store is full
#   Decrease Java heap size (-Xmx/-Xms)
#   Decrease number of Java threads
#   Decrease Java thread stack sizes (-Xss)
#   Set larger code cache with -XX:ReservedCodeCacheSize=
#   JVM is running with Unscaled Compressed Oops mode in which the Java heap is
#     placed in the first 4GB address space. The Java Heap base address is the
#     maximum limit for the native heap growth. Please use -XX:HeapBaseMinAddress
#     to set the Java Heap base and to place the Java Heap above 4GB virtual address.
# This output file may be truncated or incomplete.
#
#  Out of Memory Error (./src/hotspot/share/memory/arena.cpp:81), pid=7448, tid=12796
#
# JRE version: OpenJDK Runtime Environment (11.0.12+7) (build 11.0.12+7-b1504.28-7817840)
# Java VM: OpenJDK 64-Bit Server VM (11.0.12+7-b1504.28-7817840, mixed mode, tiered, compressed oops, g1 gc, windows-amd64)
# No core dump will be written. Minidumps are not enabled by default on client versions of Windows
#

---------------  S U M M A R Y ------------

Command Line: --add-opens=java.base/java.util=ALL-UNNAMED --add-opens=java.base/java.lang=ALL-UNNAMED --add-opens=java.base/java.lang.invoke=ALL-UNNAMED --add-opens=java.base/java.util=ALL-UNNAMED --add-opens=java.prefs/java.util.prefs=ALL-UNNAMED --add-opens=java.prefs/java.util.prefs=ALL-UNNAMED --add-opens=java.base/java.nio.charset=ALL-UNNAMED --add-opens=java.base/java.net=ALL-UNNAMED --add-opens=java.base/java.util.concurrent.atomic=ALL-UNNAMED -Xmx2048m -Dfile.encoding=UTF-8 -Duser.country=US -Duser.language=en -Duser.variant org.gradle.launcher.daemon.bootstrap.GradleDaemon 7.3.3

Host: Intel(R) Core(TM) i5-4300U CPU @ 1.90GHz, 4 cores, 3G,  Windows 10 , 64 bit Build 19041 (10.0.19041.1889)
Time: Wed Aug 31 22:59:40 2022 Pakistan Standard Time elapsed time: 1588.862930 seconds (0d 0h 26m 28s)

---------------  T H R E A D  ---------------

Current thread (0x000001acff00f000):  JavaThread "C2 CompilerThread0" daemon [_thread_in_native, id=12796, stack(0x00000066f7200000,0x00000066f7300000)]


Current CompileTask:
C2:1588863 24816       4       org.gradle.internal.operations.DefaultBuildOperationRunner$BuildOperationTrackingListener::start (53 bytes)

Stack: [0x00000066f7200000,0x00000066f7300000]
Native frames: (J=compiled Java code, j=interpreted, Vv=VM code, C=native code)
V  [jvm.dll+0x5fbcea]
V  [jvm.dll+0x731905]
V  [jvm.dll+0x732f1d]
V  [jvm.dll+0x7335d3]
V  [jvm.dll+0x247bf8]
V  [jvm.dll+0xc041b]
V  [jvm.dll+0xc06cc]
V  [jvm.dll+0x360c46]
V  [jvm.dll+0x3604c1]
V  [jvm.dll+0x360504]
V  [jvm.dll+0x4f508e]
V  [jvm.dll+0x4f57b6]
V  [jvm.dll+0x328832]
V  [jvm.dll+0x327cfa]
V  [jvm.dll+0x200602]
V  [jvm.dll+0x1ff794]
V  [jvm.dll+0x18868c]
V  [jvm.dll+0x20e0d7]
V  [jvm.dll+0x20c901]
V  [jvm.dll+0x6f9b7f]
V  [jvm.dll+0x6f26a5]
V  [jvm.dll+0x5fabf6]
C  [ucrtbase.dll+0x21bb2]
C  [KERNEL32.DLL+0x17034]
C  [ntdll.dll+0x52651]


---------------  P R O C E S S  ---------------

Threads class SMR info:
_java_thread_list=0x000001ac916f6630, length=80, elements={
0x000001acf63eb800, 0x000001acfefa8800, 0x000001acfefb2800, 0x000001acff002800,
0x000001acff006800, 0x000001acff00b800, 0x000001acff00f000, 0x000001acff018000,
0x000001acff01c000, 0x000001acffa7e000, 0x000001ac927c1000, 0x000001ac924d0000,
0x000001ac9227a800, 0x000001ac928d5800, 0x000001ac928d3800, 0x000001ac928d2800,
0x000001ac928d0000, 0x000001ac928d1000, 0x000001ac9484d000, 0x000001ac9484f800,
0x000001ac94850800, 0x000001ac9484b800, 0x000001ac94852000, 0x000001ac94cd8000,
0x000001ac94cd5800, 0x000001ac985eb800, 0x000001ac98893800, 0x000001ac9888e800,
0x000001ac9888e000, 0x000001ac9888d000, 0x000001ac9888f800, 0x000001ac98890800,
0x000001ac98891000, 0x000001ac98892000, 0x000001ac9888c800, 0x000001ac98898800,
0x000001ac98897800, 0x000001ac98897000, 0x000001ac98893000, 0x000001ac98896000,
0x000001ac98899800, 0x000001ac98895800, 0x000001ac9889a000, 0x000001ac98894800,
0x000001ac9889b000, 0x000001ac985e2000, 0x000001ac985de000, 0x000001ac985e1000,
0x000001ac985df800, 0x000001ac985e4800, 0x000001ac985e2800, 0x000001ac985e3800,
0x000001ac985de800, 0x000001ac985e5000, 0x000001ac985e6000, 0x000001ac985e0800,
0x000001ac985ea000, 0x000001ac985e7800, 0x000001ac985e9800, 0x000001ac985ec800,
0x000001ac94ccf000, 0x000001ac94ccc800, 0x000001ac94cd3000, 0x000001ac94cd1800,
0x000001ac94cd0800, 0x000001ac94cd2800, 0x000001ac94ccd800, 0x000001ac94cd0000,
0x000001ac94cce000, 0x000001ac94cd9000, 0x000001ac94cd9800, 0x000001ac94cd4000,
0x000001ac94cd6800, 0x000001ac94cda800, 0x000001ac94cd4800, 0x000001ac9484c000,
0x000001ac94854800, 0x000001ac94855000, 0x000001ac94856000, 0x000001ac94857000
}

Java Threads: ( => current thread )
  0x000001acf63eb800 JavaThread "main" [_thread_blocked, id=8652, stack(0x00000066f6600000,0x00000066f6700000)]
  0x000001acfefa8800 JavaThread "Reference Handler" daemon [_thread_blocked, id=12504, stack(0x00000066f6d00000,0x00000066f6e00000)]
  0x000001acfefb2800 JavaThread "Finalizer" daemon [_thread_blocked, id=9348, stack(0x00000066f6e00000,0x00000066f6f00000)]
  0x000001acff002800 JavaThread "Signal Dispatcher" daemon [_thread_blocked, id=10364, stack(0x00000066f6f00000,0x00000066f7000000)]
  0x000001acff006800 JavaThread "Attach Listener" daemon [_thread_blocked, id=10556, stack(0x00000066f7000000,0x00000066f7100000)]
  0x000001acff00b800 JavaThread "Service Thread" daemon [_thread_blocked, id=252, stack(0x00000066f7100000,0x00000066f7200000)]
=>0x000001acff00f000 JavaThread "C2 CompilerThread0" daemon [_thread_in_native, id=12796, stack(0x00000066f7200000,0x00000066f7300000)]
  0x000001acff018000 JavaThread "C1 CompilerThread0" daemon [_thread_blocked, id=8164, stack(0x00000066f7300000,0x00000066f7400000)]
  0x000001acff01c000 JavaThread "Sweeper thread" daemon [_thread_blocked, id=10988, stack(0x00000066f7400000,0x00000066f7500000)]
  0x000001acffa7e000 JavaThread "Common-Cleaner" daemon [_thread_blocked, id=13188, stack(0x00000066f7500000,0x00000066f7600000)]
  0x000001ac927c1000 JavaThread "Daemon health stats" [_thread_blocked, id=10040, stack(0x00000066f7800000,0x00000066f7900000)]
  0x000001ac924d0000 JavaThread "Incoming local TCP Connector on port 53719" [_thread_in_native, id=5396, stack(0x00000066f7900000,0x00000066f7a00000)]
  0x000001ac9227a800 JavaThread "Daemon periodic checks" [_thread_blocked, id=13156, stack(0x00000066f7a00000,0x00000066f7b00000)]
  0x000001ac928d5800 JavaThread "Cache worker for journal cache (C:\Users\HP\.gradle\caches\journal-1)" [_thread_blocked, id=10632, stack(0x00000066f8400000,0x00000066f8500000)]
  0x000001ac928d3800 JavaThread "File lock request listener" [_thread_in_native, id=4672, stack(0x00000066f8500000,0x00000066f8600000)]
  0x000001ac928d2800 JavaThread "Cache worker for file hash cache (C:\Users\HP\.gradle\caches\7.3.3\fileHashes)" [_thread_blocked, id=10820, stack(0x00000066f8600000,0x00000066f8700000)]
  0x000001ac928d0000 JavaThread "File watcher server" daemon [_thread_in_native, id=6640, stack(0x00000066f8800000,0x00000066f8900000)]
  0x000001ac928d1000 JavaThread "File watcher consumer" daemon [_thread_blocked, id=13192, stack(0x00000066f8900000,0x00000066f8a00000)]
  0x000001ac9484d000 JavaThread "Cache worker for execution history cache (C:\Users\HP\.gradle\caches\7.3.3\executionHistory)" [_thread_blocked, id=5616, stack(0x00000066f8d00000,0x00000066f8e00000)]
  0x000001ac9484f800 JavaThread "jar transforms" [_thread_blocked, id=8848, stack(0x00000066f8e00000,0x00000066f8f00000)]
  0x000001ac94850800 JavaThread "Cache worker for file content cache (C:\Users\HP\.gradle\caches\7.3.3\fileContent)" [_thread_blocked, id=1328, stack(0x00000066f8f00000,0x00000066f9000000)]
  0x000001ac9484b800 JavaThread "jar transforms Thread 2" [_thread_blocked, id=7880, stack(0x00000066f9000000,0x00000066f9100000)]
  0x000001ac94852000 JavaThread "jar transforms Thread 3" [_thread_blocked, id=1036, stack(0x00000066f9200000,0x00000066f9300000)]
  0x000001ac94cd8000 JavaThread "jar transforms Thread 4" [_thread_blocked, id=5348, stack(0x00000066fbd00000,0x00000066fbe00000)]
  0x000001ac94cd5800 JavaThread "Memory manager" [_thread_blocked, id=10304, stack(0x00000066f9300000,0x00000066f9400000)]
  0x000001ac985eb800 JavaThread "Cache worker for Java compile cache (C:\Users\HP\.gradle\caches\7.3.3\javaCompile)" [_thread_blocked, id=12916, stack(0x00000066fca00000,0x00000066fcb00000)]
  0x000001ac98893800 JavaThread "ForkJoinPool.commonPool-worker-1" daemon [_thread_blocked, id=620, stack(0x00000066fcb00000,0x00000066fcc00000)]
  0x000001ac9888e800 JavaThread "Daemon Thread 6" [_thread_blocked, id=12880, stack(0x00000066f6300000,0x00000066f6400000)]
  0x000001ac9888e000 JavaThread "Handler for socket connection from /127.0.0.1:53719 to /127.0.0.1:54353" [_thread_in_native, id=5284, stack(0x00000066f6400000,0x00000066f6500000)]
  0x000001ac9888d000 JavaThread "Cancel handler" [_thread_blocked, id=7996, stack(0x00000066f6500000,0x00000066f6600000)]
  0x000001ac9888f800 JavaThread "Daemon worker Thread 6" [_thread_in_native, id=2280, stack(0x00000066f7b00000,0x00000066f7c00000)]
  0x000001ac98890800 JavaThread "Asynchronous log dispatcher for DefaultDaemonConnection: socket connection from /127.0.0.1:53719 to /127.0.0.1:54353" [_thread_blocked, id=11348, stack(0x00000066f7c00000,0x00000066f7d00000)]
  0x000001ac98891000 JavaThread "Stdin handler" [_thread_blocked, id=992, stack(0x00000066f7d00000,0x00000066f7e00000)]
  0x000001ac98892000 JavaThread "Daemon client event forwarder" [_thread_blocked, id=12492, stack(0x00000066f7e00000,0x00000066f7f00000)]
  0x000001ac9888c800 JavaThread "Cache worker for file hash cache (E:\WomenSecurity\.gradle\7.3.3\fileHashes)" [_thread_blocked, id=13064, stack(0x00000066f7f00000,0x00000066f8000000)]
  0x000001ac98898800 JavaThread "Cache worker for checksums cache (E:\WomenSecurity\.gradle\7.3.3\checksums)" [_thread_blocked, id=7928, stack(0x00000066f8000000,0x00000066f8100000)]
  0x000001ac98897800 JavaThread "Cache worker for cache directory md-supplier (C:\Users\HP\.gradle\caches\7.3.3\md-supplier)" [_thread_blocked, id=13060, stack(0x00000066f8100000,0x00000066f8200000)]
  0x000001ac98897000 JavaThread "Cache worker for cache directory md-rule (C:\Users\HP\.gradle\caches\7.3.3\md-rule)" [_thread_blocked, id=10748, stack(0x00000066f8700000,0x00000066f8800000)]
  0x000001ac98893000 JavaThread "Cache worker for dependencies-accessors (E:\WomenSecurity\.gradle\7.3.3\dependencies-accessors)" [_thread_blocked, id=9840, stack(0x00000066f8a00000,0x00000066f8b00000)]
  0x000001ac98896000 JavaThread "Cache worker for Build Output Cleanup Cache (E:\WomenSecurity\.gradle\buildOutputCleanup)" [_thread_blocked, id=9176, stack(0x00000066f8b00000,0x00000066f8c00000)]
  0x000001ac98899800 JavaThread "Unconstrained build operations" [_thread_blocked, id=12216, stack(0x00000066f8c00000,0x00000066f8d00000)]
  0x000001ac98895800 JavaThread "Unconstrained build operations Thread 2" [_thread_blocked, id=10752, stack(0x00000066f9100000,0x00000066f9200000)]
  0x000001ac9889a000 JavaThread "Unconstrained build operations Thread 3" [_thread_blocked, id=1844, stack(0x00000066f9400000,0x00000066f9500000)]
  0x000001ac98894800 JavaThread "Unconstrained build operations Thread 4" [_thread_blocked, id=12140, stack(0x00000066f9500000,0x00000066f9600000)]
  0x000001ac9889b000 JavaThread "Unconstrained build operations Thread 5" [_thread_blocked, id=9036, stack(0x00000066f9600000,0x00000066f9700000)]
  0x000001ac985e2000 JavaThread "Unconstrained build operations Thread 6" [_thread_blocked, id=228, stack(0x00000066f9700000,0x00000066f9800000)]
  0x000001ac985de000 JavaThread "Unconstrained build operations Thread 7" [_thread_blocked, id=12416, stack(0x00000066f9800000,0x00000066f9900000)]
  0x000001ac985e1000 JavaThread "Unconstrained build operations Thread 8" [_thread_blocked, id=5032, stack(0x00000066f9900000,0x00000066f9a00000)]
  0x000001ac985df800 JavaThread "Unconstrained build operations Thread 9" [_thread_blocked, id=5184, stack(0x00000066f9a00000,0x00000066f9b00000)]
  0x000001ac985e4800 JavaThread "Unconstrained build operations Thread 10" [_thread_blocked, id=2380, stack(0x00000066f9b00000,0x00000066f9c00000)]
  0x000001ac985e2800 JavaThread "Unconstrained build operations Thread 11" [_thread_blocked, id=1896, stack(0x00000066f9c00000,0x00000066f9d00000)]
  0x000001ac985e3800 JavaThread "Unconstrained build operations Thread 12" [_thread_blocked, id=5948, stack(0x00000066f9d00000,0x00000066f9e00000)]
  0x000001ac985de800 JavaThread "Unconstrained build operations Thread 13" [_thread_blocked, id=12748, stack(0x00000066f9e00000,0x00000066f9f00000)]
  0x000001ac985e5000 JavaThread "Unconstrained build operations Thread 14" [_thread_blocked, id=7344, stack(0x00000066f9f00000,0x00000066fa000000)]
  0x000001ac985e6000 JavaThread "Unconstrained build operations Thread 15" [_thread_blocked, id=7304, stack(0x00000066fa000000,0x00000066fa100000)]
  0x000001ac985e0800 JavaThread "Unconstrained build operations Thread 16" [_thread_blocked, id=11168, stack(0x00000066fa100000,0x00000066fa200000)]
  0x000001ac985ea000 JavaThread "Unconstrained build operations Thread 17" [_thread_blocked, id=4936, stack(0x00000066fa200000,0x00000066fa300000)]
  0x000001ac985e7800 JavaThread "Unconstrained build operations Thread 18" [_thread_blocked, id=8760, stack(0x00000066fa300000,0x00000066fa400000)]
  0x000001ac985e9800 JavaThread "Unconstrained build operations Thread 19" [_thread_blocked, id=10600, stack(0x00000066fa400000,0x00000066fa500000)]
  0x000001ac985ec800 JavaThread "Unconstrained build operations Thread 20" [_thread_blocked, id=10076, stack(0x00000066fa500000,0x00000066fa600000)]
  0x000001ac94ccf000 JavaThread "Unconstrained build operations Thread 21" [_thread_blocked, id=3564, stack(0x00000066fa600000,0x00000066fa700000)]
  0x000001ac94ccc800 JavaThread "Unconstrained build operations Thread 22" [_thread_blocked, id=3988, stack(0x00000066fa700000,0x00000066fa800000)]
  0x000001ac94cd3000 JavaThread "Unconstrained build operations Thread 23" [_thread_blocked, id=3064, stack(0x00000066fa800000,0x00000066fa900000)]
  0x000001ac94cd1800 JavaThread "Unconstrained build operations Thread 24" [_thread_blocked, id=11388, stack(0x00000066fa900000,0x00000066faa00000)]
  0x000001ac94cd0800 JavaThread "Unconstrained build operations Thread 25" [_thread_blocked, id=5864, stack(0x00000066faa00000,0x00000066fab00000)]
  0x000001ac94cd2800 JavaThread "Unconstrained build operations Thread 26" [_thread_blocked, id=6336, stack(0x00000066fab00000,0x00000066fac00000)]
  0x000001ac94ccd800 JavaThread "Unconstrained build operations Thread 27" [_thread_blocked, id=1288, stack(0x00000066fac00000,0x00000066fad00000)]
  0x000001ac94cd0000 JavaThread "Unconstrained build operations Thread 28" [_thread_blocked, id=7120, stack(0x00000066fad00000,0x00000066fae00000)]
  0x000001ac94cce000 JavaThread "Unconstrained build operations Thread 29" [_thread_blocked, id=4800, stack(0x00000066fae00000,0x00000066faf00000)]
  0x000001ac94cd9000 JavaThread "Unconstrained build operations Thread 30" [_thread_blocked, id=12176, stack(0x00000066faf00000,0x00000066fb000000)]
  0x000001ac94cd9800 JavaThread "Unconstrained build operations Thread 31" [_thread_blocked, id=3644, stack(0x00000066fb000000,0x00000066fb100000)]
  0x000001ac94cd4000 JavaThread "Unconstrained build operations Thread 32" [_thread_blocked, id=7384, stack(0x00000066fb100000,0x00000066fb200000)]
  0x000001ac94cd6800 JavaThread "Unconstrained build operations Thread 33" [_thread_blocked, id=8068, stack(0x00000066fb200000,0x00000066fb300000)]
  0x000001ac94cda800 JavaThread "Unconstrained build operations Thread 34" [_thread_blocked, id=8492, stack(0x00000066fb300000,0x00000066fb400000)]
  0x000001ac94cd4800 JavaThread "Unconstrained build operations Thread 35" [_thread_blocked, id=5020, stack(0x00000066fb400000,0x00000066fb500000)]
  0x000001ac9484c000 JavaThread "Unconstrained build operations Thread 36" [_thread_blocked, id=12708, stack(0x00000066fb500000,0x00000066fb600000)]
  0x000001ac94854800 JavaThread "Unconstrained build operations Thread 37" [_thread_blocked, id=5520, stack(0x00000066fb600000,0x00000066fb700000)]
  0x000001ac94855000 JavaThread "Unconstrained build operations Thread 38" [_thread_blocked, id=12872, stack(0x00000066fb700000,0x00000066fb800000)]
  0x000001ac94856000 JavaThread "Unconstrained build operations Thread 39" [_thread_blocked, id=11704, stack(0x00000066fb800000,0x00000066fb900000)]
  0x000001ac94857000 JavaThread "Unconstrained build operations Thread 40" [_thread_blocked, id=8612, stack(0x00000066fb900000,0x00000066fba00000)]

Other Threads:
  0x000001acfefa4000 VMThread "VM Thread" [stack: 0x00000066f6c00000,0x00000066f6d00000] [id=11972]
  0x000001acffab8000 WatcherThread [stack: 0x00000066f7600000,0x00000066f7700000] [id=5028]
  0x000001acf43bc000 GCTaskThread "GC Thread#0" [stack: 0x00000066f6700000,0x00000066f6800000] [id=11560]
  0x000001acffd2a000 GCTaskThread "GC Thread#1" [stack: 0x00000066f7700000,0x00000066f7800000] [id=12628]
  0x000001ac92f29000 GCTaskThread "GC Thread#2" [stack: 0x00000066f8200000,0x00000066f8300000] [id=6268]
  0x000001ac918e2800 GCTaskThread "GC Thread#3" [stack: 0x00000066f8300000,0x00000066f8400000] [id=12892]
  0x000001acf6431000 ConcurrentGCThread "G1 Main Marker" [stack: 0x00000066f6800000,0x00000066f6900000] [id=10324]
  0x000001acf6434000 ConcurrentGCThread "G1 Conc#0" [stack: 0x00000066f6900000,0x00000066f6a00000] [id=416]
  0x000001acf648f800 ConcurrentGCThread "G1 Refine#0" [stack: 0x00000066f6a00000,0x00000066f6b00000] [id=7348]
  0x000001acf6490800 ConcurrentGCThread "G1 Young RemSet Sampling" [stack: 0x00000066f6b00000,0x00000066f6c00000] [id=13304]

Threads with active compile tasks:
C2 CompilerThread01589071 24816       4       org.gradle.internal.operations.DefaultBuildOperationRunner$BuildOperationTrackingListener::start (53 bytes)

VM state:not at safepoint (normal execution)

VM Mutex/Monitor currently owned by a thread: None

Heap address: 0x0000000080000000, size: 2048 MB, Compressed Oops mode: 32-bit
Narrow klass base: 0x0000000000000000, Narrow klass shift: 3
Compressed class space size: 1073741824 Address: 0x0000000100000000

Heap:
 garbage-first heap   total 229376K, used 147559K [0x0000000080000000, 0x0000000100000000)
  region size 1024K, 25 young (25600K), 2 survivors (2048K)
 Metaspace       used 125607K, capacity 129167K, committed 129356K, reserved 1161216K
  class space    used 15611K, capacity 16931K, committed 17024K, reserved 1048576K
Heap Regions: E=young(eden), S=young(survivor), O=old, HS=humongous(starts), HC=humongous(continues), CS=collection set, F=free, A=archive, TAMS=top-at-mark-start (previous, next)
|   0|0x0000000080000000, 0x0000000080100000, 0x0000000080100000|100%| O|  |TAMS 0x0000000080100000, 0x0000000080000000| Untracked 
|   1|0x0000000080100000, 0x0000000080200000, 0x0000000080200000|100%| O|  |TAMS 0x0000000080200000, 0x0000000080100000| Untracked 
|   2|0x0000000080200000, 0x0000000080300000, 0x0000000080300000|100%| O|  |TAMS 0x0000000080300000, 0x0000000080200000| Untracked 
|   3|0x0000000080300000, 0x0000000080400000, 0x0000000080400000|100%|HS|  |TAMS 0x0000000080400000, 0x0000000080300000| Complete 
|   4|0x0000000080400000, 0x0000000080500000, 0x0000000080500000|100%|HC|  |TAMS 0x0000000080500000, 0x0000000080400000| Complete 
|   5|0x0000000080500000, 0x0000000080600000, 0x0000000080600000|100%|HC|  |TAMS 0x0000000080600000, 0x0000000080500000| Complete 
|   6|0x0000000080600000, 0x0000000080700000, 0x0000000080700000|100%| O|  |TAMS 0x0000000080700000, 0x0000000080600000| Untracked 
|   7|0x0000000080700000, 0x0000000080800000, 0x0000000080800000|100%| O|  |TAMS 0x0000000080800000, 0x0000000080700000| Untracked 
|   8|0x0000000080800000, 0x0000000080900000, 0x0000000080900000|100%| O|  |TAMS 0x0000000080900000, 0x0000000080800000| Untracked 
|   9|0x0000000080900000, 0x0000000080a00000, 0x0000000080a00000|100%| O|  |TAMS 0x0000000080a00000, 0x0000000080900000| Untracked 
|  10|0x0000000080a00000, 0x0000000080b00000, 0x0000000080b00000|100%| O|  |TAMS 0x0000000080b00000, 0x0000000080a00000| Untracked 
|  11|0x0000000080b00000, 0x0000000080c00000, 0x0000000080c00000|100%| O|  |TAMS 0x0000000080c00000, 0x0000000080b00000| Untracked 
|  12|0x0000000080c00000, 0x0000000080d00000, 0x0000000080d00000|100%| O|  |TAMS 0x0000000080d00000, 0x0000000080c00000| Untracked 
|  13|0x0000000080d00000, 0x0000000080e00000, 0x0000000080e00000|100%| O|  |TAMS 0x0000000080e00000, 0x0000000080d00000| Untracked 
|  14|0x0000000080e00000, 0x0000000080f00000, 0x0000000080f00000|100%| O|  |TAMS 0x0000000080f00000, 0x0000000080e00000| Untracked 
|  15|0x0000000080f00000, 0x0000000081000000, 0x0000000081000000|100%| O|  |TAMS 0x0000000081000000, 0x0000000080f00000| Untracked 
|  16|0x0000000081000000, 0x0000000081100000, 0x0000000081100000|100%| O|  |TAMS 0x0000000081100000, 0x0000000081000000| Untracked 
|  17|0x0000000081100000, 0x0000000081200000, 0x0000000081200000|100%| O|  |TAMS 0x0000000081200000, 0x0000000081100000| Untracked 
|  18|0x0000000081200000, 0x0000000081300000, 0x0000000081300000|100%| O|  |TAMS 0x0000000081300000, 0x0000000081200000| Untracked 
|  19|0x0000000081300000, 0x0000000081400000, 0x0000000081400000|100%| O|  |TAMS 0x0000000081400000, 0x0000000081300000| Untracked 
|  20|0x0000000081400000, 0x0000000081500000, 0x0000000081500000|100%| O|  |TAMS 0x0000000081500000, 0x0000000081400000| Untracked 
|  21|0x0000000081500000, 0x0000000081600000, 0x0000000081600000|100%| O|  |TAMS 0x0000000081600000, 0x0000000081500000| Untracked 
|  22|0x0000000081600000, 0x0000000081700000, 0x0000000081700000|100%| O|  |TAMS 0x0000000081700000, 0x0000000081600000| Untracked 
|  23|0x0000000081700000, 0x0000000081800000, 0x0000000081800000|100%| O|  |TAMS 0x0000000081800000, 0x0000000081700000| Untracked 
|  24|0x0000000081800000, 0x0000000081900000, 0x0000000081900000|100%| O|  |TAMS 0x0000000081900000, 0x0000000081800000| Untracked 
|  25|0x0000000081900000, 0x0000000081a00000, 0x0000000081a00000|100%| O|  |TAMS 0x0000000081a00000, 0x0000000081900000| Untracked 
|  26|0x0000000081a00000, 0x0000000081b00000, 0x0000000081b00000|100%| O|  |TAMS 0x0000000081b00000, 0x0000000081a00000| Untracked 
|  27|0x0000000081b00000, 0x0000000081c00000, 0x0000000081c00000|100%| O|  |TAMS 0x0000000081c00000, 0x0000000081b00000| Untracked 
|  28|0x0000000081c00000, 0x0000000081d00000, 0x0000000081d00000|100%| O|  |TAMS 0x0000000081d00000, 0x0000000081c00000| Untracked 
|  29|0x0000000081d00000, 0x0000000081e00000, 0x0000000081e00000|100%| O|  |TAMS 0x0000000081e00000, 0x0000000081d00000| Untracked 
|  30|0x0000000081e00000, 0x0000000081f00000, 0x0000000081f00000|100%| O|  |TAMS 0x0000000081f00000, 0x0000000081e00000| Untracked 
|  31|0x0000000081f00000, 0x0000000082000000, 0x0000000082000000|100%| O|  |TAMS 0x0000000082000000, 0x0000000081f00000| Untracked 
|  32|0x0000000082000000, 0x0000000082100000, 0x0000000082100000|100%| O|  |TAMS 0x0000000082100000, 0x0000000082000000| Untracked 
|  33|0x0000000082100000, 0x0000000082200000, 0x0000000082200000|100%| O|  |TAMS 0x0000000082200000, 0x0000000082100000| Untracked 
|  34|0x0000000082200000, 0x0000000082300000, 0x0000000082300000|100%|HS|  |TAMS 0x0000000082300000, 0x0000000082200000| Complete 
|  35|0x0000000082300000, 0x0000000082400000, 0x0000000082400000|100%|HS|  |TAMS 0x0000000082400000, 0x0000000082300000| Complete 
|  36|0x0000000082400000, 0x0000000082500000, 0x0000000082500000|100%| O|  |TAMS 0x0000000082500000, 0x0000000082400000| Untracked 
|  37|0x0000000082500000, 0x0000000082600000, 0x0000000082600000|100%| O|  |TAMS 0x0000000082600000, 0x0000000082500000| Untracked 
|  38|0x0000000082600000, 0x0000000082700000, 0x0000000082700000|100%| O|  |TAMS 0x0000000082700000, 0x0000000082600000| Untracked 
|  39|0x0000000082700000, 0x0000000082800000, 0x0000000082800000|100%|HS|  |TAMS 0x0000000082800000, 0x0000000082700000| Complete 
|  40|0x0000000082800000, 0x0000000082900000, 0x0000000082900000|100%|HC|  |TAMS 0x0000000082900000, 0x0000000082800000| Complete 
|  41|0x0000000082900000, 0x0000000082a00000, 0x0000000082a00000|100%| O|  |TAMS 0x0000000082a00000, 0x0000000082900000| Untracked 
|  42|0x0000000082a00000, 0x0000000082b00000, 0x0000000082b00000|100%| O|  |TAMS 0x0000000082b00000, 0x0000000082a00000| Untracked 
|  43|0x0000000082b00000, 0x0000000082c00000, 0x0000000082c00000|100%| O|  |TAMS 0x0000000082c00000, 0x0000000082b00000| Untracked 
|  44|0x0000000082c00000, 0x0000000082d00000, 0x0000000082d00000|100%| O|  |TAMS 0x0000000082d00000, 0x0000000082c00000| Untracked 
|  45|0x0000000082d00000, 0x0000000082e00000, 0x0000000082e00000|100%| O|  |TAMS 0x0000000082e00000, 0x0000000082d00000| Untracked 
|  46|0x0000000082e00000, 0x0000000082f00000, 0x0000000082f00000|100%| O|  |TAMS 0x0000000082e00000, 0x0000000082e00000| Untracked 
|  47|0x0000000082f00000, 0x0000000083000000, 0x0000000083000000|100%| O|  |TAMS 0x0000000083000000, 0x0000000082f00000| Untracked 
|  48|0x0000000083000000, 0x0000000083100000, 0x0000000083100000|100%| O|  |TAMS 0x0000000083100000, 0x0000000083000000| Untracked 
|  49|0x0000000083100000, 0x0000000083100000, 0x0000000083200000|  0%| F|  |TAMS 0x0000000083100000, 0x0000000083100000| Untracked 
|  50|0x0000000083200000, 0x0000000083300000, 0x0000000083300000|100%| O|  |TAMS 0x0000000083300000, 0x0000000083200000| Untracked 
|  51|0x0000000083300000, 0x0000000083400000, 0x0000000083400000|100%| O|  |TAMS 0x0000000083400000, 0x0000000083300000| Untracked 
|  52|0x0000000083400000, 0x0000000083500000, 0x0000000083500000|100%| O|  |TAMS 0x0000000083500000, 0x0000000083400000| Untracked 
|  53|0x0000000083500000, 0x0000000083600000, 0x0000000083600000|100%| O|  |TAMS 0x0000000083600000, 0x0000000083500000| Untracked 
|  54|0x0000000083600000, 0x0000000083700000, 0x0000000083700000|100%| O|  |TAMS 0x0000000083700000, 0x0000000083600000| Untracked 
|  55|0x0000000083700000, 0x0000000083800000, 0x0000000083800000|100%| O|  |TAMS 0x0000000083800000, 0x0000000083700000| Untracked 
|  56|0x0000000083800000, 0x0000000083900000, 0x0000000083900000|100%| O|  |TAMS 0x0000000083900000, 0x0000000083800000| Untracked 
|  57|0x0000000083900000, 0x0000000083a00000, 0x0000000083a00000|100%| O|  |TAMS 0x0000000083a00000, 0x0000000083900000| Untracked 
|  58|0x0000000083a00000, 0x0000000083b00000, 0x0000000083b00000|100%| O|  |TAMS 0x0000000083b00000, 0x0000000083a00000| Untracked 
|  59|0x0000000083b00000, 0x0000000083c00000, 0x0000000083c00000|100%| O|  |TAMS 0x0000000083c00000, 0x0000000083b00000| Untracked 
|  60|0x0000000083c00000, 0x0000000083d00000, 0x0000000083d00000|100%| O|  |TAMS 0x0000000083d00000, 0x0000000083c00000| Untracked 
|  61|0x0000000083d00000, 0x0000000083e00000, 0x0000000083e00000|100%| O|  |TAMS 0x0000000083e00000, 0x0000000083d00000| Untracked 
|  62|0x0000000083e00000, 0x0000000083f00000, 0x0000000083f00000|100%| O|  |TAMS 0x0000000083f00000, 0x0000000083e00000| Untracked 
|  63|0x0000000083f00000, 0x0000000084000000, 0x0000000084000000|100%| O|  |TAMS 0x0000000084000000, 0x0000000083f00000| Untracked 
|  64|0x0000000084000000, 0x0000000084100000, 0x0000000084100000|100%| O|  |TAMS 0x0000000084100000, 0x0000000084000000| Untracked 
|  65|0x0000000084100000, 0x0000000084200000, 0x0000000084200000|100%| O|  |TAMS 0x0000000084200000, 0x0000000084100000| Untracked 
|  66|0x0000000084200000, 0x0000000084300000, 0x0000000084300000|100%| O|  |TAMS 0x0000000084300000, 0x0000000084200000| Untracked 
|  67|0x0000000084300000, 0x0000000084400000, 0x0000000084400000|100%| O|  |TAMS 0x0000000084300000, 0x0000000084300000| Untracked 
|  68|0x0000000084400000, 0x0000000084500000, 0x0000000084500000|100%| O|  |TAMS 0x0000000084400000, 0x0000000084400000| Untracked 
|  69|0x0000000084500000, 0x0000000084600000, 0x0000000084600000|100%| O|  |TAMS 0x0000000084600000, 0x0000000084500000| Untracked 
|  70|0x0000000084600000, 0x0000000084700000, 0x0000000084700000|100%| O|  |TAMS 0x0000000084700000, 0x0000000084600000| Untracked 
|  71|0x0000000084700000, 0x0000000084800000, 0x0000000084800000|100%| O|  |TAMS 0x0000000084800000, 0x0000000084700000| Untracked 
|  72|0x0000000084800000, 0x0000000084900000, 0x0000000084900000|100%| O|  |TAMS 0x0000000084900000, 0x0000000084800000| Untracked 
|  73|0x0000000084900000, 0x0000000084a00000, 0x0000000084a00000|100%| O|  |TAMS 0x0000000084a00000, 0x0000000084900000| Untracked 
|  74|0x0000000084a00000, 0x0000000084b00000, 0x0000000084b00000|100%| O|  |TAMS 0x0000000084b00000, 0x0000000084a00000| Untracked 
|  75|0x0000000084b00000, 0x0000000084c00000, 0x0000000084c00000|100%| O|  |TAMS 0x0000000084c00000, 0x0000000084b00000| Untracked 
|  76|0x0000000084c00000, 0x0000000084d00000, 0x0000000084d00000|100%| O|  |TAMS 0x0000000084d00000, 0x0000000084c00000| Untracked 
|  77|0x0000000084d00000, 0x0000000084e00000, 0x0000000084e00000|100%| O|  |TAMS 0x0000000084e00000, 0x0000000084d00000| Untracked 
|  78|0x0000000084e00000, 0x0000000084f00000, 0x0000000084f00000|100%| O|  |TAMS 0x0000000084f00000, 0x0000000084e00000| Untracked 
|  79|0x0000000084f00000, 0x0000000085000000, 0x0000000085000000|100%| O|  |TAMS 0x0000000085000000, 0x0000000084f00000| Untracked 
|  80|0x0000000085000000, 0x0000000085000000, 0x0000000085100000|  0%| F|  |TAMS 0x0000000085000000, 0x0000000085000000| Untracked 
|  81|0x0000000085100000, 0x0000000085200000, 0x0000000085200000|100%| O|  |TAMS 0x0000000085200000, 0x0000000085100000| Untracked 
|  82|0x0000000085200000, 0x0000000085200000, 0x0000000085300000|  0%| F|  |TAMS 0x0000000085200000, 0x0000000085200000| Untracked 
|  83|0x0000000085300000, 0x0000000085400000, 0x0000000085400000|100%| O|  |TAMS 0x0000000085400000, 0x0000000085300000| Untracked 
|  84|0x0000000085400000, 0x0000000085400000, 0x0000000085500000|  0%| F|  |TAMS 0x0000000085400000, 0x0000000085400000| Untracked 
|  85|0x0000000085500000, 0x0000000085600000, 0x0000000085600000|100%| O|  |TAMS 0x0000000085600000, 0x0000000085500000| Untracked 
|  86|0x0000000085600000, 0x0000000085600000, 0x0000000085700000|  0%| F|  |TAMS 0x0000000085600000, 0x0000000085600000| Untracked 
|  87|0x0000000085700000, 0x0000000085800000, 0x0000000085800000|100%| O|  |TAMS 0x0000000085800000, 0x0000000085700000| Untracked 
|  88|0x0000000085800000, 0x0000000085900000, 0x0000000085900000|100%| O|  |TAMS 0x0000000085800000, 0x0000000085800000| Untracked 
|  89|0x0000000085900000, 0x0000000085a00000, 0x0000000085a00000|100%| O|  |TAMS 0x0000000085900000, 0x0000000085900000| Untracked 
|  90|0x0000000085a00000, 0x0000000085b00000, 0x0000000085b00000|100%| O|  |TAMS 0x0000000085b00000, 0x0000000085a00000| Untracked 
|  91|0x0000000085b00000, 0x0000000085c00000, 0x0000000085c00000|100%| O|  |TAMS 0x0000000085b00000, 0x0000000085b00000| Untracked 
|  92|0x0000000085c00000, 0x0000000085d00000, 0x0000000085d00000|100%| O|  |TAMS 0x0000000085d00000, 0x0000000085c00000| Untracked 
|  93|0x0000000085d00000, 0x0000000085e00000, 0x0000000085e00000|100%| O|  |TAMS 0x0000000085e00000, 0x0000000085d00000| Untracked 
|  94|0x0000000085e00000, 0x0000000085f00000, 0x0000000085f00000|100%| O|  |TAMS 0x0000000085f00000, 0x0000000085e00000| Untracked 
|  95|0x0000000085f00000, 0x0000000086000000, 0x0000000086000000|100%| O|  |TAMS 0x0000000086000000, 0x0000000085f00000| Untracked 
|  96|0x0000000086000000, 0x0000000086100000, 0x0000000086100000|100%| O|  |TAMS 0x0000000086100000, 0x0000000086000000| Untracked 
|  97|0x0000000086100000, 0x0000000086200000, 0x0000000086200000|100%| O|  |TAMS 0x0000000086200000, 0x0000000086100000| Untracked 
|  98|0x0000000086200000, 0x0000000086300000, 0x0000000086300000|100%| O|  |TAMS 0x0000000086300000, 0x0000000086200000| Untracked 
|  99|0x0000000086300000, 0x0000000086400000, 0x0000000086400000|100%| O|  |TAMS 0x0000000086400000, 0x0000000086300000| Untracked 
| 100|0x0000000086400000, 0x0000000086500000, 0x0000000086500000|100%| O|  |TAMS 0x0000000086500000, 0x0000000086400000| Untracked 
| 101|0x0000000086500000, 0x0000000086600000, 0x0000000086600000|100%| O|  |TAMS 0x0000000086600000, 0x0000000086500000| Untracked 
| 102|0x0000000086600000, 0x0000000086700000, 0x0000000086700000|100%| O|  |TAMS 0x0000000086700000, 0x0000000086600000| Untracked 
| 103|0x0000000086700000, 0x0000000086800000, 0x0000000086800000|100%| O|  |TAMS 0x0000000086800000, 0x0000000086700000| Untracked 
| 104|0x0000000086800000, 0x0000000086900000, 0x0000000086900000|100%| O|  |TAMS 0x0000000086900000, 0x0000000086800000| Untracked 
| 105|0x0000000086900000, 0x0000000086a00000, 0x0000000086a00000|100%| O|  |TAMS 0x0000000086a00000, 0x0000000086900000| Untracked 
| 106|0x0000000086a00000, 0x0000000086b00000, 0x0000000086b00000|100%| O|  |TAMS 0x0000000086b00000, 0x0000000086a00000| Untracked 
| 107|0x0000000086b00000, 0x0000000086c00000, 0x0000000086c00000|100%| O|  |TAMS 0x0000000086c00000, 0x0000000086b00000| Untracked 
| 108|0x0000000086c00000, 0x0000000086d00000, 0x0000000086d00000|100%| O|  |TAMS 0x0000000086d00000, 0x0000000086c00000| Untracked 
| 109|0x0000000086d00000, 0x0000000086e00000, 0x0000000086e00000|100%| O|  |TAMS 0x0000000086e00000, 0x0000000086d00000| Untracked 
| 110|0x0000000086e00000, 0x0000000086e00000, 0x0000000086f00000|  0%| F|  |TAMS 0x0000000086e00000, 0x0000000086e00000| Untracked 
| 111|0x0000000086f00000, 0x0000000087000000, 0x0000000087000000|100%| O|  |TAMS 0x0000000087000000, 0x0000000086f00000| Untracked 
| 112|0x0000000087000000, 0x0000000087100000, 0x0000000087100000|100%| O|  |TAMS 0x0000000087100000, 0x0000000087000000| Untracked 
| 113|0x0000000087100000, 0x0000000087100000, 0x0000000087200000|  0%| F|  |TAMS 0x0000000087100000, 0x0000000087100000| Untracked 
| 114|0x0000000087200000, 0x0000000087300000, 0x0000000087300000|100%| O|  |TAMS 0x0000000087300000, 0x0000000087200000| Untracked 
| 115|0x0000000087300000, 0x0000000087400000, 0x0000000087400000|100%| O|  |TAMS 0x0000000087400000, 0x0000000087300000| Untracked 
| 116|0x0000000087400000, 0x0000000087400000, 0x0000000087500000|  0%| F|  |TAMS 0x0000000087400000, 0x0000000087400000| Untracked 
| 117|0x0000000087500000, 0x0000000087500000, 0x0000000087600000|  0%| F|  |TAMS 0x0000000087500000, 0x0000000087500000| Untracked 
| 118|0x0000000087600000, 0x0000000087600000, 0x0000000087700000|  0%| F|  |TAMS 0x0000000087600000, 0x0000000087600000| Untracked 
| 119|0x0000000087700000, 0x0000000087800000, 0x0000000087800000|100%| O|  |TAMS 0x0000000087800000, 0x0000000087700000| Untracked 
| 120|0x0000000087800000, 0x0000000087900000, 0x0000000087900000|100%| O|  |TAMS 0x0000000087900000, 0x0000000087800000| Untracked 
| 121|0x0000000087900000, 0x0000000087900000, 0x0000000087a00000|  0%| F|  |TAMS 0x0000000087900000, 0x0000000087900000| Untracked 
| 122|0x0000000087a00000, 0x0000000087a00000, 0x0000000087b00000|  0%| F|  |TAMS 0x0000000087a00000, 0x0000000087a00000| Untracked 
| 123|0x0000000087b00000, 0x0000000087b00000, 0x0000000087c00000|  0%| F|  |TAMS 0x0000000087b00000, 0x0000000087b00000| Untracked 
| 124|0x0000000087c00000, 0x0000000087c00000, 0x0000000087d00000|  0%| F|  |TAMS 0x0000000087c00000, 0x0000000087c00000| Untracked 
| 125|0x0000000087d00000, 0x0000000087d00000, 0x0000000087e00000|  0%| F|  |TAMS 0x0000000087d00000, 0x0000000087d00000| Untracked 
| 126|0x0000000087e00000, 0x0000000087f00000, 0x0000000087f00000|100%| O|  |TAMS 0x0000000087f00000, 0x0000000087e00000| Untracked 
| 127|0x0000000087f00000, 0x0000000087f00000, 0x0000000088000000|  0%| F|  |TAMS 0x0000000087f00000, 0x0000000087f00000| Untracked 
| 128|0x0000000088000000, 0x0000000088000000, 0x0000000088100000|  0%| F|  |TAMS 0x0000000088000000, 0x0000000088000000| Untracked 
| 129|0x0000000088100000, 0x0000000088100000, 0x0000000088200000|  0%| F|  |TAMS 0x0000000088100000, 0x0000000088100000| Untracked 
| 130|0x0000000088200000, 0x0000000088300000, 0x0000000088300000|100%| O|  |TAMS 0x0000000088257800, 0x0000000088200000| Untracked 
| 131|0x0000000088300000, 0x0000000088400000, 0x0000000088400000|100%| O|  |TAMS 0x0000000088300000, 0x0000000088300000| Untracked 
| 132|0x0000000088400000, 0x0000000088500000, 0x0000000088500000|100%| O|  |TAMS 0x0000000088400000, 0x0000000088400000| Untracked 
| 133|0x0000000088500000, 0x0000000088600000, 0x0000000088600000|100%| O|  |TAMS 0x0000000088500000, 0x0000000088500000| Untracked 
| 134|0x0000000088600000, 0x0000000088700000, 0x0000000088700000|100%| O|  |TAMS 0x0000000088600000, 0x0000000088600000| Untracked 
| 135|0x0000000088700000, 0x0000000088800000, 0x0000000088800000|100%| O|  |TAMS 0x0000000088700000, 0x0000000088700000| Untracked 
| 136|0x0000000088800000, 0x0000000088900000, 0x0000000088900000|100%| O|  |TAMS 0x0000000088800000, 0x0000000088800000| Untracked 
| 137|0x0000000088900000, 0x0000000088900000, 0x0000000088a00000|  0%| F|  |TAMS 0x0000000088900000, 0x0000000088900000| Untracked 
| 138|0x0000000088a00000, 0x0000000088a00000, 0x0000000088b00000|  0%| F|  |TAMS 0x0000000088a00000, 0x0000000088a00000| Untracked 
| 139|0x0000000088b00000, 0x0000000088b00000, 0x0000000088c00000|  0%| F|  |TAMS 0x0000000088b00000, 0x0000000088b00000| Untracked 
| 140|0x0000000088c00000, 0x0000000088c00000, 0x0000000088d00000|  0%| F|  |TAMS 0x0000000088c00000, 0x0000000088c00000| Untracked 
| 141|0x0000000088d00000, 0x0000000088d00000, 0x0000000088e00000|  0%| F|  |TAMS 0x0000000088d00000, 0x0000000088d00000| Untracked 
| 142|0x0000000088e00000, 0x0000000088e00000, 0x0000000088f00000|  0%| F|  |TAMS 0x0000000088e00000, 0x0000000088e00000| Untracked 
| 143|0x0000000088f00000, 0x0000000088f00000, 0x0000000089000000|  0%| F|  |TAMS 0x0000000088f00000, 0x0000000088f00000| Untracked 
| 144|0x0000000089000000, 0x0000000089000000, 0x0000000089100000|  0%| F|  |TAMS 0x0000000089000000, 0x0000000089000000| Untracked 
| 145|0x0000000089100000, 0x0000000089100000, 0x0000000089200000|  0%| F|  |TAMS 0x0000000089100000, 0x0000000089100000| Untracked 
| 146|0x0000000089200000, 0x0000000089200000, 0x0000000089300000|  0%| F|  |TAMS 0x0000000089200000, 0x0000000089200000| Untracked 
| 147|0x0000000089300000, 0x0000000089400000, 0x0000000089400000|100%| O|  |TAMS 0x0000000089300000, 0x0000000089300000| Untracked 
| 148|0x0000000089400000, 0x0000000089500000, 0x0000000089500000|100%| O|  |TAMS 0x0000000089400000, 0x0000000089400000| Untracked 
| 149|0x0000000089500000, 0x0000000089600000, 0x0000000089600000|100%| O|  |TAMS 0x0000000089500000, 0x0000000089500000| Untracked 
| 150|0x0000000089600000, 0x0000000089600000, 0x0000000089700000|  0%| F|  |TAMS 0x0000000089600000, 0x0000000089600000| Untracked 
| 151|0x0000000089700000, 0x0000000089700000, 0x0000000089800000|  0%| F|  |TAMS 0x0000000089700000, 0x0000000089700000| Untracked 
| 152|0x0000000089800000, 0x0000000089800000, 0x0000000089900000|  0%| F|  |TAMS 0x0000000089800000, 0x0000000089800000| Untracked 
| 153|0x0000000089900000, 0x0000000089900000, 0x0000000089a00000|  0%| F|  |TAMS 0x0000000089900000, 0x0000000089900000| Untracked 
| 154|0x0000000089a00000, 0x0000000089a00000, 0x0000000089b00000|  0%| F|  |TAMS 0x0000000089a00000, 0x0000000089a00000| Untracked 
| 155|0x0000000089b00000, 0x0000000089b00000, 0x0000000089c00000|  0%| F|  |TAMS 0x0000000089b00000, 0x0000000089b00000| Untracked 
| 156|0x0000000089c00000, 0x0000000089c00000, 0x0000000089d00000|  0%| F|  |TAMS 0x0000000089c00000, 0x0000000089c00000| Untracked 
| 157|0x0000000089d00000, 0x0000000089d00000, 0x0000000089e00000|  0%| F|  |TAMS 0x0000000089d00000, 0x0000000089d00000| Untracked 
| 158|0x0000000089e00000, 0x0000000089e00000, 0x0000000089f00000|  0%| F|  |TAMS 0x0000000089e00000, 0x0000000089e00000| Untracked 
| 159|0x0000000089f00000, 0x0000000089f00000, 0x000000008a000000|  0%| F|  |TAMS 0x0000000089f00000, 0x0000000089f00000| Untracked 
| 160|0x000000008a000000, 0x000000008a000000, 0x000000008a100000|  0%| F|  |TAMS 0x000000008a000000, 0x000000008a000000| Untracked 
| 161|0x000000008a100000, 0x000000008a100000, 0x000000008a200000|  0%| F|  |TAMS 0x000000008a100000, 0x000000008a100000| Untracked 
| 162|0x000000008a200000, 0x000000008a200000, 0x000000008a300000|  0%| F|  |TAMS 0x000000008a200000, 0x000000008a200000| Untracked 
| 163|0x000000008a300000, 0x000000008a300000, 0x000000008a400000|  0%| F|  |TAMS 0x000000008a300000, 0x000000008a300000| Untracked 
| 164|0x000000008a400000, 0x000000008a400000, 0x000000008a500000|  0%| F|  |TAMS 0x000000008a400000, 0x000000008a400000| Untracked 
| 165|0x000000008a500000, 0x000000008a500000, 0x000000008a600000|  0%| F|  |TAMS 0x000000008a500000, 0x000000008a500000| Untracked 
| 166|0x000000008a600000, 0x000000008a600000, 0x000000008a700000|  0%| F|  |TAMS 0x000000008a600000, 0x000000008a600000| Untracked 
| 167|0x000000008a700000, 0x000000008a700000, 0x000000008a800000|  0%| F|  |TAMS 0x000000008a700000, 0x000000008a700000| Untracked 
| 168|0x000000008a800000, 0x000000008a800000, 0x000000008a900000|  0%| F|  |TAMS 0x000000008a800000, 0x000000008a800000| Untracked 
| 169|0x000000008a900000, 0x000000008a900000, 0x000000008aa00000|  0%| F|  |TAMS 0x000000008a900000, 0x000000008a900000| Untracked 
| 170|0x000000008aa00000, 0x000000008aa00000, 0x000000008ab00000|  0%| F|  |TAMS 0x000000008aa00000, 0x000000008aa00000| Untracked 
| 171|0x000000008ab00000, 0x000000008ab00000, 0x000000008ac00000|  0%| F|  |TAMS 0x000000008ab00000, 0x000000008ab00000| Untracked 
| 172|0x000000008ac00000, 0x000000008ac00000, 0x000000008ad00000|  0%| F|  |TAMS 0x000000008ac00000, 0x000000008ac00000| Untracked 
| 173|0x000000008ad00000, 0x000000008ad00000, 0x000000008ae00000|  0%| F|  |TAMS 0x000000008ad00000, 0x000000008ad00000| Untracked 
| 174|0x000000008ae00000, 0x000000008ae00000, 0x000000008af00000|  0%| F|  |TAMS 0x000000008ae00000, 0x000000008ae00000| Untracked 
| 175|0x000000008af00000, 0x000000008af00000, 0x000000008b000000|  0%| F|  |TAMS 0x000000008af00000, 0x000000008af00000| Untracked 
| 176|0x000000008b000000, 0x000000008b000000, 0x000000008b100000|  0%| F|  |TAMS 0x000000008b000000, 0x000000008b000000| Untracked 
| 177|0x000000008b100000, 0x000000008b100000, 0x000000008b200000|  0%| F|  |TAMS 0x000000008b100000, 0x000000008b100000| Untracked 
| 178|0x000000008b200000, 0x000000008b200000, 0x000000008b300000|  0%| F|  |TAMS 0x000000008b200000, 0x000000008b200000| Untracked 
| 179|0x000000008b300000, 0x000000008b300000, 0x000000008b400000|  0%| F|  |TAMS 0x000000008b300000, 0x000000008b300000| Untracked 
| 180|0x000000008b400000, 0x000000008b400000, 0x000000008b500000|  0%| F|  |TAMS 0x000000008b400000, 0x000000008b400000| Untracked 
| 181|0x000000008b500000, 0x000000008b500000, 0x000000008b600000|  0%| F|  |TAMS 0x000000008b500000, 0x000000008b500000| Untracked 
| 182|0x000000008b600000, 0x000000008b600000, 0x000000008b700000|  0%| F|  |TAMS 0x000000008b600000, 0x000000008b600000| Untracked 
| 183|0x000000008b700000, 0x000000008b700000, 0x000000008b800000|  0%| F|  |TAMS 0x000000008b700000, 0x000000008b700000| Untracked 
| 184|0x000000008b800000, 0x000000008b800000, 0x000000008b900000|  0%| F|  |TAMS 0x000000008b800000, 0x000000008b800000| Untracked 
| 185|0x000000008b900000, 0x000000008b900000, 0x000000008ba00000|  0%| F|  |TAMS 0x000000008b900000, 0x000000008b900000| Untracked 
| 186|0x000000008ba00000, 0x000000008ba00000, 0x000000008bb00000|  0%| F|  |TAMS 0x000000008ba00000, 0x000000008ba00000| Untracked 
| 187|0x000000008bb00000, 0x000000008bb00000, 0x000000008bc00000|  0%| F|  |TAMS 0x000000008bb00000, 0x000000008bb00000| Untracked 
| 188|0x000000008bc00000, 0x000000008bc00000, 0x000000008bd00000|  0%| F|  |TAMS 0x000000008bc00000, 0x000000008bc00000| Untracked 
| 189|0x000000008bd00000, 0x000000008bd00000, 0x000000008be00000|  0%| F|  |TAMS 0x000000008bd00000, 0x000000008bd00000| Untracked 
| 190|0x000000008be00000, 0x000000008be00000, 0x000000008bf00000|  0%| F|  |TAMS 0x000000008be00000, 0x000000008be00000| Untracked 
| 191|0x000000008bf00000, 0x000000008bf00000, 0x000000008c000000|  0%| F|  |TAMS 0x000000008bf00000, 0x000000008bf00000| Untracked 
| 192|0x000000008c000000, 0x000000008c000000, 0x000000008c100000|  0%| F|  |TAMS 0x000000008c000000, 0x000000008c000000| Untracked 
| 193|0x000000008c100000, 0x000000008c100000, 0x000000008c200000|  0%| F|  |TAMS 0x000000008c100000, 0x000000008c100000| Untracked 
| 194|0x000000008c200000, 0x000000008c200000, 0x000000008c300000|  0%| F|  |TAMS 0x000000008c200000, 0x000000008c200000| Untracked 
| 195|0x000000008c300000, 0x000000008c300000, 0x000000008c400000|  0%| F|  |TAMS 0x000000008c300000, 0x000000008c300000| Untracked 
| 196|0x000000008c400000, 0x000000008c400000, 0x000000008c500000|  0%| F|  |TAMS 0x000000008c400000, 0x000000008c400000| Untracked 
| 197|0x000000008c500000, 0x000000008c500000, 0x000000008c600000|  0%| F|  |TAMS 0x000000008c500000, 0x000000008c500000| Untracked 
| 198|0x000000008c600000, 0x000000008c600000, 0x000000008c700000|  0%| F|  |TAMS 0x000000008c600000, 0x000000008c600000| Untracked 
| 199|0x000000008c700000, 0x000000008c7dfc70, 0x000000008c800000| 87%| E|  |TAMS 0x000000008c700000, 0x000000008c700000| Complete 
| 200|0x000000008c800000, 0x000000008c900000, 0x000000008c900000|100%| E|CS|TAMS 0x000000008c800000, 0x000000008c800000| Complete 
| 201|0x000000008c900000, 0x000000008ca00000, 0x000000008ca00000|100%| E|CS|TAMS 0x000000008c900000, 0x000000008c900000| Complete 
| 202|0x000000008ca00000, 0x000000008cb00000, 0x000000008cb00000|100%| E|CS|TAMS 0x000000008ca00000, 0x000000008ca00000| Complete 
| 203|0x000000008cb00000, 0x000000008cc00000, 0x000000008cc00000|100%| E|CS|TAMS 0x000000008cb00000, 0x000000008cb00000| Complete 
| 204|0x000000008cc00000, 0x000000008cd00000, 0x000000008cd00000|100%| E|CS|TAMS 0x000000008cc00000, 0x000000008cc00000| Complete 
| 205|0x000000008cd00000, 0x000000008ce00000, 0x000000008ce00000|100%| E|CS|TAMS 0x000000008cd00000, 0x000000008cd00000| Complete 
| 206|0x000000008ce00000, 0x000000008cf00000, 0x000000008cf00000|100%| E|CS|TAMS 0x000000008ce00000, 0x000000008ce00000| Complete 
| 207|0x000000008cf00000, 0x000000008d000000, 0x000000008d000000|100%| E|CS|TAMS 0x000000008cf00000, 0x000000008cf00000| Complete 
| 208|0x000000008d000000, 0x000000008d100000, 0x000000008d100000|100%| E|CS|TAMS 0x000000008d000000, 0x000000008d000000| Complete 
| 209|0x000000008d100000, 0x000000008d200000, 0x000000008d200000|100%| E|CS|TAMS 0x000000008d100000, 0x000000008d100000| Complete 
| 210|0x000000008d200000, 0x000000008d300000, 0x000000008d300000|100%| E|CS|TAMS 0x000000008d200000, 0x000000008d200000| Complete 
| 211|0x000000008d300000, 0x000000008d319cc8, 0x000000008d400000| 10%| S|CS|TAMS 0x000000008d300000, 0x000000008d300000| Complete 
| 212|0x000000008d400000, 0x000000008d500000, 0x000000008d500000|100%| S|CS|TAMS 0x000000008d400000, 0x000000008d400000| Complete 
| 213|0x000000008d500000, 0x000000008d600000, 0x000000008d600000|100%| E|CS|TAMS 0x000000008d500000, 0x000000008d500000| Complete 
| 214|0x000000008d600000, 0x000000008d700000, 0x000000008d700000|100%| E|  |TAMS 0x000000008d600000, 0x000000008d600000| Complete 
| 215|0x000000008d700000, 0x000000008d800000, 0x000000008d800000|100%| E|CS|TAMS 0x000000008d700000, 0x000000008d700000| Complete 
| 216|0x000000008d800000, 0x000000008d900000, 0x000000008d900000|100%| E|CS|TAMS 0x000000008d800000, 0x000000008d800000| Complete 
| 217|0x000000008d900000, 0x000000008da00000, 0x000000008da00000|100%| E|CS|TAMS 0x000000008d900000, 0x000000008d900000| Complete 
| 218|0x000000008da00000, 0x000000008db00000, 0x000000008db00000|100%| E|CS|TAMS 0x000000008da00000, 0x000000008da00000| Complete 
| 219|0x000000008db00000, 0x000000008dc00000, 0x000000008dc00000|100%| E|CS|TAMS 0x000000008db00000, 0x000000008db00000| Complete 
| 220|0x000000008dc00000, 0x000000008dd00000, 0x000000008dd00000|100%| E|CS|TAMS 0x000000008dc00000, 0x000000008dc00000| Complete 
| 221|0x000000008dd00000, 0x000000008de00000, 0x000000008de00000|100%| E|CS|TAMS 0x000000008dd00000, 0x000000008dd00000| Complete 
| 222|0x000000008de00000, 0x000000008df00000, 0x000000008df00000|100%| E|CS|TAMS 0x000000008de00000, 0x000000008de00000| Complete 
| 223|0x000000008df00000, 0x000000008e000000, 0x000000008e000000|100%| E|CS|TAMS 0x000000008df00000, 0x000000008df00000| Complete 

Card table byte_map: [0x000001acfa300000,0x000001acfa700000] _byte_map_base: 0x000001acf9f00000

Marking Bits (Prev, Next): (CMBitMap*) 0x000001acf64282f8, (CMBitMap*) 0x000001acf6428330
 Prev Bits: [0x000001acfab00000, 0x000001acfcb00000)
 Next Bits: [0x000001acfcb00000, 0x000001acfeb00000)

Polling page: 0x000001acf5bd0000

Metaspace:

Usage:
  Non-class:    109.61 MB capacity,   107.42 MB ( 98%) used,     1.76 MB (  2%) free+waste,   438.63 KB ( <1%) overhead. 
      Class:     16.53 MB capacity,    15.25 MB ( 92%) used,     1.10 MB (  7%) free+waste,   190.88 KB (  1%) overhead. 
       Both:    126.14 MB capacity,   122.66 MB ( 97%) used,     2.86 MB (  2%) free+waste,   629.50 KB ( <1%) overhead. 

Virtual space:
  Non-class space:      110.00 MB reserved,     109.70 MB (>99%) committed 
      Class space:        1.00 GB reserved,      16.63 MB (  2%) committed 
             Both:        1.11 GB reserved,     126.32 MB ( 11%) committed 

Chunk freelists:
   Non-Class:  0 bytes
       Class:  29.00 KB
        Both:  29.00 KB

MaxMetaspaceSize: 17179869184.00 GB
CompressedClassSpaceSize: 1.00 GB
Initial GC threshold: 20.80 MB
Current GC threshold: 209.71 MB
CDS: off

CodeHeap 'non-profiled nmethods': size=120064Kb used=13407Kb max_used=13407Kb free=106656Kb
 bounds [0x000001ac87ac0000, 0x000001ac887e0000, 0x000001ac8f000000]
CodeHeap 'profiled nmethods': size=120000Kb used=48910Kb max_used=49614Kb free=71089Kb
 bounds [0x000001ac80590000, 0x000001ac83610000, 0x000001ac87ac0000]
CodeHeap 'non-nmethods': size=5696Kb used=2462Kb max_used=2514Kb free=3233Kb
 bounds [0x000001ac80000000, 0x000001ac80280000, 0x000001ac80590000]
 total_blobs=23580 nmethods=22593 adapters=896
 compilation: enabled
              stopped_count=0, restarted_count=0
 full_count=0

Compilation events (20 events):
Event: 1588.730 Thread 0x000001acff018000 24840       3       org.gradle.api.internal.tasks.DefaultTaskContainer$TaskCreatingProvider::access$1401 (5 bytes)
Event: 1588.730 Thread 0x000001acff018000 nmethod 24840 0x000001ac80df4610 code [0x000001ac80df47c0, 0x000001ac80df48c8]
Event: 1588.730 Thread 0x000001acff018000 24841   !   3       org.gradle.api.internal.DefaultNamedDomainObjectCollection$AbstractDomainObjectCreatingProvider::tryCreate (95 bytes)
Event: 1588.733 Thread 0x000001acff018000 nmethod 24841 0x000001ac810afb10 code [0x000001ac810afdc0, 0x000001ac810b0d18]
Event: 1588.733 Thread 0x000001acff018000 24843       3       org.gradle.api.internal.DefaultNamedDomainObjectCollection::realized (16 bytes)
Event: 1588.734 Thread 0x000001acff018000 nmethod 24843 0x000001ac81941710 code [0x000001ac81941900, 0x000001ac81941ca8]
Event: 1588.734 Thread 0x000001acff018000 24844       3       org.gradle.api.internal.DefaultDomainObjectCollection::realized (11 bytes)
Event: 1588.734 Thread 0x000001acff018000 nmethod 24844 0x000001ac810af510 code [0x000001ac810af6e0, 0x000001ac810af958]
Event: 1588.734 Thread 0x000001acff018000 24845       3       org.gradle.api.internal.collections.SortedSetElementSource::realizeExternal (11 bytes)
Event: 1588.735 Thread 0x000001acff018000 nmethod 24845 0x000001ac81941290 code [0x000001ac81941440, 0x000001ac81941608]
Event: 1588.735 Thread 0x000001acff018000 24846       3       org.gradle.api.internal.collections.DefaultPendingSource::realizeExternal (7 bytes)
Event: 1588.736 Thread 0x000001acff018000 nmethod 24846 0x000001ac81940e10 code [0x000001ac81940fe0, 0x000001ac81941168]
Event: 1588.736 Thread 0x000001acff018000 24842       3       org.gradle.api.internal.DefaultDomainObjectCollection::add (11 bytes)
Event: 1588.736 Thread 0x000001acff018000 nmethod 24842 0x000001ac81940890 code [0x000001ac81940a60, 0x000001ac81940cf8]
Event: 1588.753 Thread 0x000001acff018000 24847       1       com.android.build.gradle.tasks.RenderscriptCompile_Decorated::getModelIdentityDisplayName (5 bytes)
Event: 1588.753 Thread 0x000001acff018000 nmethod 24847 0x000001ac887d7c10 code [0x000001ac887d7dc0, 0x000001ac887d7e78]
Event: 1588.772 Thread 0x000001acff018000 24848       3       org.gradle.api.internal.file.collections.DefaultConfigurableFileCollection::visitChildren (137 bytes)
Event: 1588.776 Thread 0x000001acff018000 nmethod 24848 0x000001ac8193fa90 code [0x000001ac8193fd40, 0x000001ac819405d8]
Event: 1588.776 Thread 0x000001acff018000 24849       3       com.android.build.gradle.tasks.PackageApplication_Decorated::$gradleFactory (13 bytes)
Event: 1588.781 Thread 0x000001acff018000 nmethod 24849 0x000001ac818a5a10 code [0x000001ac818a5c00, 0x000001ac818a6188]

GC Heap History (20 events):
Event: 1166.466 GC heap before
{Heap before GC invocations=120 (full 0):
 garbage-first heap   total 229376K, used 142424K [0x0000000080000000, 0x0000000100000000)
  region size 1024K, 11 young (11264K), 6 survivors (6144K)
 Metaspace       used 124513K, capacity 127918K, committed 128332K, reserved 1161216K
  class space    used 15537K, capacity 16819K, committed 17024K, reserved 1048576K
}
Event: 1166.550 GC heap after
{Heap after GC invocations=121 (full 0):
 garbage-first heap   total 229376K, used 123803K [0x0000000080000000, 0x0000000100000000)
  region size 1024K, 1 young (1024K), 1 survivors (1024K)
 Metaspace       used 124513K, capacity 127918K, committed 128332K, reserved 1161216K
  class space    used 15537K, capacity 16819K, committed 17024K, reserved 1048576K
}
Event: 1167.612 GC heap before
{Heap before GC invocations=121 (full 0):
 garbage-first heap   total 229376K, used 134043K [0x0000000080000000, 0x0000000100000000)
  region size 1024K, 11 young (11264K), 1 survivors (1024K)
 Metaspace       used 124573K, capacity 127982K, committed 128332K, reserved 1161216K
  class space    used 15538K, capacity 16819K, committed 17024K, reserved 1048576K
}
Event: 1167.640 GC heap after
{Heap after GC invocations=122 (full 0):
 garbage-first heap   total 229376K, used 122683K [0x0000000080000000, 0x0000000100000000)
  region size 1024K, 1 young (1024K), 1 survivors (1024K)
 Metaspace       used 124573K, capacity 127982K, committed 128332K, reserved 1161216K
  class space    used 15538K, capacity 16819K, committed 17024K, reserved 1048576K
}
Event: 1174.841 GC heap before
{Heap before GC invocations=122 (full 0):
 garbage-first heap   total 229376K, used 154427K [0x0000000080000000, 0x0000000100000000)
  region size 1024K, 34 young (34816K), 1 survivors (1024K)
 Metaspace       used 124732K, capacity 128090K, committed 128588K, reserved 1161216K
  class space    used 15542K, capacity 16825K, committed 17024K, reserved 1048576K
}
Event: 1174.888 GC heap after
{Heap after GC invocations=123 (full 0):
 garbage-first heap   total 229376K, used 123951K [0x0000000080000000, 0x0000000100000000)
  region size 1024K, 3 young (3072K), 3 survivors (3072K)
 Metaspace       used 124732K, capacity 128090K, committed 128588K, reserved 1161216K
  class space    used 15542K, capacity 16825K, committed 17024K, reserved 1048576K
}
Event: 1460.686 GC heap before
{Heap before GC invocations=124 (full 0):
 garbage-first heap   total 229376K, used 183343K [0x0000000080000000, 0x0000000100000000)
  region size 1024K, 46 young (47104K), 3 survivors (3072K)
 Metaspace       used 124942K, capacity 128301K, committed 128588K, reserved 1161216K
  class space    used 15542K, capacity 16826K, committed 17024K, reserved 1048576K
}
Event: 1460.881 GC heap after
{Heap after GC invocations=125 (full 0):
 garbage-first heap   total 229376K, used 125896K [0x0000000080000000, 0x0000000100000000)
  region size 1024K, 6 young (6144K), 6 survivors (6144K)
 Metaspace       used 124942K, capacity 128301K, committed 128588K, reserved 1161216K
  class space    used 15542K, capacity 16826K, committed 17024K, reserved 1048576K
}
Event: 1461.583 GC heap before
{Heap before GC invocations=125 (full 0):
 garbage-first heap   total 229376K, used 131016K [0x0000000080000000, 0x0000000100000000)
  region size 1024K, 11 young (11264K), 6 survivors (6144K)
 Metaspace       used 124945K, capacity 128301K, committed 128588K, reserved 1161216K
  class space    used 15542K, capacity 16826K, committed 17024K, reserved 1048576K
}
Event: 1461.723 GC heap after
{Heap after GC invocations=126 (full 0):
 garbage-first heap   total 229376K, used 122351K [0x0000000080000000, 0x0000000100000000)
  region size 1024K, 1 young (1024K), 1 survivors (1024K)
 Metaspace       used 124945K, capacity 128301K, committed 128588K, reserved 1161216K
  class space    used 15542K, capacity 16826K, committed 17024K, reserved 1048576K
}
Event: 1462.793 GC heap before
{Heap before GC invocations=126 (full 0):
 garbage-first heap   total 229376K, used 134639K [0x0000000080000000, 0x0000000100000000)
  region size 1024K, 11 young (11264K), 1 survivors (1024K)
 Metaspace       used 124953K, capacity 128307K, committed 128588K, reserved 1161216K
  class space    used 15543K, capacity 16827K, committed 17024K, reserved 1048576K
}
Event: 1462.983 GC heap after
{Heap after GC invocations=127 (full 0):
 garbage-first heap   total 229376K, used 127557K [0x0000000080000000, 0x0000000100000000)
  region size 1024K, 2 young (2048K), 2 survivors (2048K)
 Metaspace       used 124953K, capacity 128307K, committed 128588K, reserved 1161216K
  class space    used 15543K, capacity 16827K, committed 17024K, reserved 1048576K
}
Event: 1467.291 GC heap before
{Heap before GC invocations=127 (full 0):
 garbage-first heap   total 229376K, used 171589K [0x0000000080000000, 0x0000000100000000)
  region size 1024K, 45 young (46080K), 2 survivors (2048K)
 Metaspace       used 124988K, capacity 128371K, committed 128844K, reserved 1161216K
  class space    used 15543K, capacity 16827K, committed 17024K, reserved 1048576K
}
Event: 1467.399 GC heap after
{Heap after GC invocations=128 (full 0):
 garbage-first heap   total 229376K, used 137566K [0x0000000080000000, 0x0000000100000000)
  region size 1024K, 6 young (6144K), 6 survivors (6144K)
 Metaspace       used 124988K, capacity 128371K, committed 128844K, reserved 1161216K
  class space    used 15543K, capacity 16827K, committed 17024K, reserved 1048576K
}
Event: 1473.578 GC heap before
{Heap before GC invocations=129 (full 0):
 garbage-first heap   total 229376K, used 191838K [0x0000000080000000, 0x0000000100000000)
  region size 1024K, 44 young (45056K), 6 survivors (6144K)
 Metaspace       used 125087K, capacity 128450K, committed 128844K, reserved 1161216K
  class space    used 15546K, capacity 16831K, committed 17024K, reserved 1048576K
}
Event: 1473.754 GC heap after
{Heap after GC invocations=130 (full 0):
 garbage-first heap   total 229376K, used 140651K [0x0000000080000000, 0x0000000100000000)
  region size 1024K, 5 young (5120K), 5 survivors (5120K)
 Metaspace       used 125087K, capacity 128450K, committed 128844K, reserved 1161216K
  class space    used 15546K, capacity 16831K, committed 17024K, reserved 1048576K
}
Event: 1516.077 GC heap before
{Heap before GC invocations=130 (full 0):
 garbage-first heap   total 229376K, used 145771K [0x0000000080000000, 0x0000000100000000)
  region size 1024K, 11 young (11264K), 5 survivors (5120K)
 Metaspace       used 125217K, capacity 128641K, committed 129100K, reserved 1161216K
  class space    used 15565K, capacity 16870K, committed 17024K, reserved 1048576K
}
Event: 1516.298 GC heap after
{Heap after GC invocations=131 (full 0):
 garbage-first heap   total 229376K, used 129172K [0x0000000080000000, 0x0000000100000000)
  region size 1024K, 1 young (1024K), 1 survivors (1024K)
 Metaspace       used 125217K, capacity 128641K, committed 129100K, reserved 1161216K
  class space    used 15565K, capacity 16870K, committed 17024K, reserved 1048576K
}
Event: 1586.370 GC heap before
{Heap before GC invocations=131 (full 0):
 garbage-first heap   total 229376K, used 138388K [0x0000000080000000, 0x0000000100000000)
  region size 1024K, 11 young (11264K), 1 survivors (1024K)
 Metaspace       used 125466K, capacity 128909K, committed 129100K, reserved 1161216K
  class space    used 15596K, capacity 16904K, committed 17024K, reserved 1048576K
}
Event: 1586.584 GC heap after
{Heap after GC invocations=132 (full 0):
 garbage-first heap   total 229376K, used 126055K [0x0000000080000000, 0x0000000100000000)
  region size 1024K, 2 young (2048K), 2 survivors (2048K)
 Metaspace       used 125466K, capacity 128909K, committed 129100K, reserved 1161216K
  class space    used 15596K, capacity 16904K, committed 17024K, reserved 1048576K
}

Deoptimization events (20 events):
Event: 1517.432 Thread 0x000001ac9888e000 Uncommon trap: trap_request=0xffffffde fr.pc=0x000001ac87ae3be4 relative=0x00000000000001c4
Event: 1517.432 Thread 0x000001ac9888e000 Uncommon trap: reason=class_check action=maybe_recompile pc=0x000001ac87ae3be4 method=java.lang.String.equals(Ljava/lang/Object;)Z @ 8 c2
Event: 1517.432 Thread 0x000001ac9888e000 DEOPT PACKING pc=0x000001ac87ae3be4 sp=0x00000066f7bfc350
Event: 1517.432 Thread 0x000001ac9888e000 DEOPT UNPACKING pc=0x000001ac8004a1af sp=0x00000066f7bfc2f8 mode 2
Event: 1517.432 Thread 0x000001ac9888e000 Uncommon trap: trap_request=0xffffffde fr.pc=0x000001ac87ae3be4 relative=0x00000000000001c4
Event: 1517.432 Thread 0x000001ac9888e000 Uncommon trap: reason=class_check action=maybe_recompile pc=0x000001ac87ae3be4 method=java.lang.String.equals(Ljava/lang/Object;)Z @ 8 c2
Event: 1517.432 Thread 0x000001ac9888e000 DEOPT PACKING pc=0x000001ac87ae3be4 sp=0x00000066f7bfc350
Event: 1517.433 Thread 0x000001ac9888e000 DEOPT UNPACKING pc=0x000001ac8004a1af sp=0x00000066f7bfc2f8 mode 2
Event: 1517.464 Thread 0x000001ac9888e000 DEOPT PACKING pc=0x000001ac819f8efd sp=0x00000066f7bfb4f0
Event: 1517.464 Thread 0x000001ac9888e000 DEOPT UNPACKING pc=0x000001ac8004a95e sp=0x00000066f7bfa9b8 mode 0
Event: 1517.495 Thread 0x000001ac9888e000 Uncommon trap: trap_request=0xffffffc6 fr.pc=0x000001ac885fd740 relative=0x0000000000000980
Event: 1517.495 Thread 0x000001ac9888e000 Uncommon trap: reason=bimorphic_or_optimized_type_check action=maybe_recompile pc=0x000001ac885fd740 method=com.google.common.cache.LocalCache$Segment.setValue(Lcom/google/common/cache/ReferenceEntry;Ljava/lang/Object;Ljava/lang/Object;J)V @ 51 c2
Event: 1517.495 Thread 0x000001ac9888e000 DEOPT PACKING pc=0x000001ac885fd740 sp=0x00000066f7bfcae0
Event: 1517.495 Thread 0x000001ac9888e000 DEOPT UNPACKING pc=0x000001ac8004a1af sp=0x00000066f7bfca78 mode 2
Event: 1517.827 Thread 0x000001ac9888f800 Uncommon trap: trap_request=0xffffff4d fr.pc=0x000001ac88371394 relative=0x0000000000000334
Event: 1517.827 Thread 0x000001ac9888f800 Uncommon trap: reason=unstable_if action=reinterpret pc=0x000001ac88371394 method=sun.security.provider.SHA.implDigest([BI)V @ 21 c2
Event: 1517.827 Thread 0x000001ac9888f800 DEOPT PACKING pc=0x000001ac88371394 sp=0x00000066f63fa4d0
Event: 1517.827 Thread 0x000001ac9888f800 DEOPT UNPACKING pc=0x000001ac8004a1af sp=0x00000066f63fa450 mode 2
Event: 1588.510 Thread 0x000001ac9888f800 DEOPT PACKING pc=0x000001ac8136fbdf sp=0x00000066f7bf7fc0
Event: 1588.516 Thread 0x000001ac9888f800 DEOPT UNPACKING pc=0x000001ac8004a95e sp=0x00000066f7bf7448 mode 0

Classes redefined (0 events):
No events

Internal exceptions (20 events):
Event: 1459.966 Thread 0x000001ac9888e000 Exception <a 'sun/nio/fs/WindowsException'{0x000000008b55fd98}> (0x000000008b55fd98) thrown at [./src/hotspot/share/prims/jni.cpp, line 615]
Event: 1459.966 Thread 0x000001ac9888e000 Exception <a 'sun/nio/fs/WindowsException'{0x000000008b561158}> (0x000000008b561158) thrown at [./src/hotspot/share/prims/jni.cpp, line 615]
Event: 1459.966 Thread 0x000001ac9888e000 Exception <a 'sun/nio/fs/WindowsException'{0x000000008b562518}> (0x000000008b562518) thrown at [./src/hotspot/share/prims/jni.cpp, line 615]
Event: 1466.316 Thread 0x000001ac9888e000 Implicit null exception at 0x000001ac87daef42 to 0x000001ac87daf8de
Event: 1513.579 Thread 0x000001ac928cf000 Exception <a 'java/io/IOException'{0x000000008deb3cd0}> (0x000000008deb3cd0) thrown at [./src/hotspot/share/prims/jni.cpp, line 615]
Event: 1514.639 Thread 0x000001ac98893000 Exception <a 'java/lang/NoSuchMethodError'{0x000000008da236e0}: <clinit>> (0x000000008da236e0) thrown at [./src/hotspot/share/prims/jni.cpp, line 1365]
Event: 1514.681 Thread 0x000001ac98893000 Exception <a 'java/lang/NoSuchMethodError'{0x000000008da41008}: <clinit>> (0x000000008da41008) thrown at [./src/hotspot/share/prims/jni.cpp, line 1365]
Event: 1515.148 Thread 0x000001ac9888e000 Exception <a 'sun/nio/fs/WindowsException'{0x000000008da75538}> (0x000000008da75538) thrown at [./src/hotspot/share/prims/jni.cpp, line 615]
Event: 1515.153 Thread 0x000001ac9888e000 Exception <a 'sun/nio/fs/WindowsException'{0x000000008da755b8}> (0x000000008da755b8) thrown at [./src/hotspot/share/prims/jni.cpp, line 615]
Event: 1515.251 Thread 0x000001ac9888e000 Exception <a 'sun/nio/fs/WindowsException'{0x000000008da76e28}> (0x000000008da76e28) thrown at [./src/hotspot/share/prims/jni.cpp, line 615]
Event: 1517.786 Thread 0x000001ac9888f800 Exception <a 'java/lang/NoSuchMethodError'{0x000000008da0c768}: <clinit>> (0x000000008da0c768) thrown at [./src/hotspot/share/prims/jni.cpp, line 1365]
Event: 1517.789 Thread 0x000001ac9888f800 Exception <a 'java/lang/NoSuchMethodError'{0x000000008da1f420}: <clinit>> (0x000000008da1f420) thrown at [./src/hotspot/share/prims/jni.cpp, line 1365]
Event: 1517.789 Thread 0x000001ac9888f800 Exception <a 'java/lang/NoSuchMethodError'{0x000000008da20ff8}: <clinit>> (0x000000008da20ff8) thrown at [./src/hotspot/share/prims/jni.cpp, line 1365]
Event: 1517.795 Thread 0x000001ac9888f800 Exception <a 'java/lang/NoSuchMethodError'{0x000000008da35520}: <clinit>> (0x000000008da35520) thrown at [./src/hotspot/share/prims/jni.cpp, line 1365]
Event: 1517.796 Thread 0x000001ac9888f800 Exception <a 'java/lang/NoSuchMethodError'{0x000000008da42ed0}: <clinit>> (0x000000008da42ed0) thrown at [./src/hotspot/share/prims/jni.cpp, line 1365]
Event: 1517.820 Thread 0x000001ac9888f800 Exception <a 'java/lang/NoSuchMethodError'{0x000000008da5a648}: <clinit>> (0x000000008da5a648) thrown at [./src/hotspot/share/prims/jni.cpp, line 1365]
Event: 1517.827 Thread 0x000001ac9888f800 Exception <a 'java/lang/NoSuchMethodError'{0x000000008da755a0}: <clinit>> (0x000000008da755a0) thrown at [./src/hotspot/share/prims/jni.cpp, line 1365]
Event: 1517.828 Thread 0x000001ac9888f800 Exception <a 'java/lang/NoSuchMethodError'{0x000000008da85a90}: <clinit>> (0x000000008da85a90) thrown at [./src/hotspot/share/prims/jni.cpp, line 1365]
Event: 1587.912 Thread 0x000001ac9888f800 Exception <a 'sun/nio/fs/WindowsException'{0x000000008cc83070}> (0x000000008cc83070) thrown at [./src/hotspot/share/prims/jni.cpp, line 615]
Event: 1588.524 Thread 0x000001ac9888f800 Exception <a 'java/lang/NoClassDefFoundError'{0x000000008c8375a8}: org/jetbrains/kotlin/gradle/plugin/KotlinBasePluginWrapper> (0x000000008c8375a8) thrown at [./src/hotspot/share/oops/constantPool.cpp, line 775]

Events (20 events):
Event: 1587.063 Thread 0x000001ac94ccf000 Thread added: 0x000001ac94ccf000
Event: 1587.064 Thread 0x000001ac94ccc800 Thread added: 0x000001ac94ccc800
Event: 1587.064 Thread 0x000001ac94cd3000 Thread added: 0x000001ac94cd3000
Event: 1587.064 Thread 0x000001ac94cd1800 Thread added: 0x000001ac94cd1800
Event: 1587.065 Thread 0x000001ac94cd0800 Thread added: 0x000001ac94cd0800
Event: 1587.065 Thread 0x000001ac94cd2800 Thread added: 0x000001ac94cd2800
Event: 1587.066 Thread 0x000001ac94ccd800 Thread added: 0x000001ac94ccd800
Event: 1587.067 Thread 0x000001ac94cd0000 Thread added: 0x000001ac94cd0000
Event: 1587.067 Thread 0x000001ac94cce000 Thread added: 0x000001ac94cce000
Event: 1587.068 Thread 0x000001ac94cd9000 Thread added: 0x000001ac94cd9000
Event: 1587.068 Thread 0x000001ac94cd9800 Thread added: 0x000001ac94cd9800
Event: 1587.069 Thread 0x000001ac94cd4000 Thread added: 0x000001ac94cd4000
Event: 1587.069 Thread 0x000001ac94cd6800 Thread added: 0x000001ac94cd6800
Event: 1587.071 Thread 0x000001ac94cda800 Thread added: 0x000001ac94cda800
Event: 1587.076 Thread 0x000001ac94cd4800 Thread added: 0x000001ac94cd4800
Event: 1587.077 Thread 0x000001ac9484c000 Thread added: 0x000001ac9484c000
Event: 1587.078 Thread 0x000001ac94854800 Thread added: 0x000001ac94854800
Event: 1587.079 Thread 0x000001ac94855000 Thread added: 0x000001ac94855000
Event: 1587.082 Thread 0x000001ac94856000 Thread added: 0x000001ac94856000
Event: 1587.082 Thread 0x000001ac94857000 Thread added: 0x000001ac94857000


Dynamic libraries:
0x00007ff639520000 - 0x00007ff63952a000 	C:\Program Files\Android\New Android Studio\Android Studio1\jre\bin\java.exe
0x00007ffbcab10000 - 0x00007ffbcad08000 	C:\Windows\SYSTEM32\ntdll.dll
0x00007ffbca160000 - 0x00007ffbca21d000 	C:\Windows\System32\KERNEL32.DLL
0x00007ffbc82d0000 - 0x00007ffbc859e000 	C:\Windows\System32\KERNELBASE.dll
0x00007ffbc85a0000 - 0x00007ffbc86a0000 	C:\Windows\System32\ucrtbase.dll
0x00007ffbc0650000 - 0x00007ffbc0669000 	C:\Program Files\Android\New Android Studio\Android Studio1\jre\bin\jli.dll
0x00007ffbc9fc0000 - 0x00007ffbca160000 	C:\Windows\System32\USER32.dll
0x00007ffbb8650000 - 0x00007ffbb8667000 	C:\Program Files\Android\New Android Studio\Android Studio1\jre\bin\VCRUNTIME140.dll
0x00007ffbc87b0000 - 0x00007ffbc87d2000 	C:\Windows\System32\win32u.dll
0x00007ffbc96d0000 - 0x00007ffbc96fa000 	C:\Windows\System32\GDI32.dll
0x00007ffbc86a0000 - 0x00007ffbc87ab000 	C:\Windows\System32\gdi32full.dll
0x00007ffbc88e0000 - 0x00007ffbc897d000 	C:\Windows\System32\msvcp_win.dll
0x00007ffbb7e30000 - 0x00007ffbb80ca000 	C:\Windows\WinSxS\amd64_microsoft.windows.common-controls_6595b64144ccf1df_6.0.19041.1110_none_60b5254171f9507e\COMCTL32.dll
0x00007ffbcaa30000 - 0x00007ffbcaace000 	C:\Windows\System32\msvcrt.dll
0x00007ffbc9600000 - 0x00007ffbc9630000 	C:\Windows\System32\IMM32.DLL
0x00007ffb93b10000 - 0x00007ffb93bad000 	C:\Program Files\Android\New Android Studio\Android Studio1\jre\bin\msvcp140.dll
0x00007ffb735d0000 - 0x00007ffb740b5000 	C:\Program Files\Android\New Android Studio\Android Studio1\jre\bin\server\jvm.dll
0x00007ffbca7b0000 - 0x00007ffbca85e000 	C:\Windows\System32\ADVAPI32.dll
0x00007ffbc9630000 - 0x00007ffbc96cc000 	C:\Windows\System32\sechost.dll
0x00007ffbc99c0000 - 0x00007ffbc9ae5000 	C:\Windows\System32\RPCRT4.dll
0x00007ffbc9700000 - 0x00007ffbc9708000 	C:\Windows\System32\PSAPI.DLL
0x00007ffbc4660000 - 0x00007ffbc4669000 	C:\Windows\SYSTEM32\WSOCK32.dll
0x00007ffbb82a0000 - 0x00007ffbb82aa000 	C:\Windows\SYSTEM32\VERSION.dll
0x00007ffbca2d0000 - 0x00007ffbca33b000 	C:\Windows\System32\WS2_32.dll
0x00007ffbb7550000 - 0x00007ffbb7577000 	C:\Windows\SYSTEM32\WINMM.dll
0x00007ffbc6130000 - 0x00007ffbc6142000 	C:\Windows\SYSTEM32\kernel.appcore.dll
0x00007ffbc3000000 - 0x00007ffbc3011000 	C:\Program Files\Android\New Android Studio\Android Studio1\jre\bin\verify.dll
0x00007ffbb4f30000 - 0x00007ffbb5114000 	C:\Windows\SYSTEM32\DBGHELP.DLL
0x00007ffbb3900000 - 0x00007ffbb392c000 	C:\Windows\SYSTEM32\dbgcore.DLL
0x00007ffbc8980000 - 0x00007ffbc8a02000 	C:\Windows\System32\bcryptPrimitives.dll
0x00007ffbc2fd0000 - 0x00007ffbc2ff9000 	C:\Program Files\Android\New Android Studio\Android Studio1\jre\bin\java.dll
0x00007ffbc2fc0000 - 0x00007ffbc2fcb000 	C:\Program Files\Android\New Android Studio\Android Studio1\jre\bin\jimage.dll
0x00007ffbc2fa0000 - 0x00007ffbc2fb8000 	C:\Program Files\Android\New Android Studio\Android Studio1\jre\bin\zip.dll
0x00007ffbc8bf0000 - 0x00007ffbc9334000 	C:\Windows\System32\SHELL32.dll
0x00007ffbc6330000 - 0x00007ffbc6ac4000 	C:\Windows\SYSTEM32\windows.storage.dll
0x00007ffbc9c00000 - 0x00007ffbc9f54000 	C:\Windows\System32\combase.dll
0x00007ffbc7c90000 - 0x00007ffbc7cc0000 	C:\Windows\SYSTEM32\Wldp.dll
0x00007ffbc9b50000 - 0x00007ffbc9bfd000 	C:\Windows\System32\SHCORE.dll
0x00007ffbc9af0000 - 0x00007ffbc9b45000 	C:\Windows\System32\shlwapi.dll
0x00007ffbc8170000 - 0x00007ffbc818f000 	C:\Windows\SYSTEM32\profapi.dll
0x00007ffbc1780000 - 0x00007ffbc179a000 	C:\Program Files\Android\New Android Studio\Android Studio1\jre\bin\net.dll
0x00007ffbba210000 - 0x00007ffbba31a000 	C:\Windows\SYSTEM32\WINHTTP.dll
0x00007ffbc79f0000 - 0x00007ffbc7a5a000 	C:\Windows\system32\mswsock.dll
0x00007ffbc1760000 - 0x00007ffbc1774000 	C:\Program Files\Android\New Android Studio\Android Studio1\jre\bin\nio.dll
0x00007ffb93110000 - 0x00007ffb93137000 	C:\Users\HP\.gradle\native\e1d6ef7f7dcc3fd88c89a11ec53ec762bb8ba0a96d01ffa2cd45eb1d1d8dd5c5\windows-amd64\native-platform.dll
0x00007ffb939c0000 - 0x00007ffb93b04000 	C:\Users\HP\.gradle\native\5664cfc778a61ccfe75a443a1ab52a65af34e5dc3c78e0209fed803814484fcb\windows-amd64\native-platform-file-events.dll
0x00007ffbc1750000 - 0x00007ffbc175a000 	C:\Program Files\Android\New Android Studio\Android Studio1\jre\bin\management.dll
0x00007ffbc1740000 - 0x00007ffbc174d000 	C:\Program Files\Android\New Android Studio\Android Studio1\jre\bin\management_ext.dll
0x00007ffbc7be0000 - 0x00007ffbc7bf8000 	C:\Windows\SYSTEM32\CRYPTSP.dll
0x00007ffbc7300000 - 0x00007ffbc7334000 	C:\Windows\system32\rsaenh.dll
0x00007ffbc82a0000 - 0x00007ffbc82c7000 	C:\Windows\System32\bcrypt.dll
0x00007ffbc8130000 - 0x00007ffbc815e000 	C:\Windows\SYSTEM32\USERENV.dll
0x00007ffbc7c00000 - 0x00007ffbc7c0c000 	C:\Windows\SYSTEM32\CRYPTBASE.dll
0x00007ffbc7690000 - 0x00007ffbc76cb000 	C:\Windows\SYSTEM32\IPHLPAPI.DLL
0x00007ffbc9710000 - 0x00007ffbc9718000 	C:\Windows\System32\NSI.dll
0x00007ffbc05e0000 - 0x00007ffbc05f7000 	C:\Windows\SYSTEM32\dhcpcsvc6.DLL
0x00007ffbc0bf0000 - 0x00007ffbc0c0d000 	C:\Windows\SYSTEM32\dhcpcsvc.DLL
0x00007ffbc76e0000 - 0x00007ffbc77aa000 	C:\Windows\SYSTEM32\DNSAPI.dll
0x00007ffbc6f30000 - 0x00007ffbc6f63000 	C:\Windows\SYSTEM32\ntmarta.dll
0x00007ffbaf900000 - 0x00007ffbaf927000 	C:\Program Files\Android\New Android Studio\Android Studio1\jre\bin\sunec.dll

dbghelp: loaded successfully - version: 4.0.5 - missing functions: none
symbol engine: initialized successfully - sym options: 0x614 - pdb path: .;C:\Program Files\Android\New Android Studio\Android Studio1\jre\bin;C:\Windows\SYSTEM32;C:\Windows\WinSxS\amd64_microsoft.windows.common-controls_6595b64144ccf1df_6.0.19041.1110_none_60b5254171f9507e;C:\Program Files\Android\New Android Studio\Android Studio1\jre\bin\server;C:\Users\HP\.gradle\native\e1d6ef7f7dcc3fd88c89a11ec53ec762bb8ba0a96d01ffa2cd45eb1d1d8dd5c5\windows-amd64;C:\Users\HP\.gradle\native\5664cfc778a61ccfe75a443a1ab52a65af34e5dc3c78e0209fed803814484fcb\windows-amd64

VM Arguments:
jvm_args: --add-opens=java.base/java.util=ALL-UNNAMED --add-opens=java.base/java.lang=ALL-UNNAMED --add-opens=java.base/java.lang.invoke=ALL-UNNAMED --add-opens=java.base/java.util=ALL-UNNAMED --add-opens=java.prefs/java.util.prefs=ALL-UNNAMED --add-opens=java.prefs/java.util.prefs=ALL-UNNAMED --add-opens=java.base/java.nio.charset=ALL-UNNAMED --add-opens=java.base/java.net=ALL-UNNAMED --add-opens=java.base/java.util.concurrent.atomic=ALL-UNNAMED -Xmx2048m -Dfile.encoding=UTF-8 -Duser.country=US -Duser.language=en -Duser.variant 
java_command: org.gradle.launcher.daemon.bootstrap.GradleDaemon 7.3.3
java_class_path (initial): C:\Users\HP\.gradle\wrapper\dists\gradle-7.3.3-bin\6a41zxkdtcxs8rphpq6y0069z\gradle-7.3.3\lib\gradle-launcher-7.3.3.jar
Launcher Type: SUN_STANDARD

[Global flags]
     intx CICompilerCount                          = 3                                         {product} {ergonomic}
     uint ConcGCThreads                            = 1                                         {product} {ergonomic}
     uint G1ConcRefinementThreads                  = 4                                         {product} {ergonomic}
   size_t G1HeapRegionSize                         = 1048576                                   {product} {ergonomic}
    uintx GCDrainStackTargetSize                   = 64                                        {product} {ergonomic}
   size_t InitialHeapSize                          = 67108864                                  {product} {ergonomic}
   size_t MarkStackSize                            = 4194304                                   {product} {ergonomic}
   size_t MaxHeapSize                              = 2147483648                                {product} {command line}
   size_t MaxNewSize                               = 1287651328                                {product} {ergonomic}
   size_t MinHeapDeltaBytes                        = 1048576                                   {product} {ergonomic}
    uintx NonNMethodCodeHeapSize                   = 5830732                                {pd product} {ergonomic}
    uintx NonProfiledCodeHeapSize                  = 122913754                              {pd product} {ergonomic}
    uintx ProfiledCodeHeapSize                     = 122913754                              {pd product} {ergonomic}
    uintx ReservedCodeCacheSize                    = 251658240                              {pd product} {ergonomic}
     bool SegmentedCodeCache                       = true                                      {product} {ergonomic}
     bool UseCompressedClassPointers               = true                                 {lp64_product} {ergonomic}
     bool UseCompressedOops                        = true                                 {lp64_product} {ergonomic}
     bool UseG1GC                                  = true                                      {product} {ergonomic}
     bool UseLargePagesIndividualAllocation        = false                                  {pd product} {ergonomic}

Logging:
Log output configuration:
 #0: stdout all=warning uptime,level,tags
 #1: stderr all=off uptime,level,tags

Environment Variables:
PATH=C:\Windows\system32;C:\Windows;C:\Windows\System32\Wbem;C:\Windows\System32\WindowsPowerShell\v1.0\;C:\Windows\System32\OpenSSH\;C:\Program Files\Git\cmd;C:\Users\HP\AppData\Local\Microsoft\WindowsApps;C:\Users\HP\Downloads\Compressed\flutter\bin;D:\Program Files\Java\jdk-16.0.1\bin;C:\src\flutter\bin;C:\Users\HP\AppData\Local\Programs\Microsoft VS Code\bin;D:\Users\computer point\AppData\Local\Android\Sdk\platform-tools;C:\Users\HP\AppData\Local\Android\Sdk\platform-tools;
USERNAME=HP
OS=Windows_NT
PROCESSOR_IDENTIFIER=Intel64 Family 6 Model 69 Stepping 1, GenuineIntel



---------------  S Y S T E M  ---------------

OS: Windows 10 , 64 bit Build 19041 (10.0.19041.1889)
OS uptime: 0 days 6:37 hours

CPU:total 4 (initial active 4) (2 cores per cpu, 2 threads per core) family 6 model 69 stepping 1 microcode 0x25, cmov, cx8, fxsr, mmx, sse, sse2, sse3, ssse3, sse4.1, sse4.2, popcnt, avx, avx2, aes, clmul, erms, lzcnt, ht, tsc, tscinvbit, bmi1, bmi2, fma

Memory: 4k page, system-wide physical 4001M (174M free)
TotalPageFile size 16289M (AvailPageFile size 4M)
current process WorkingSet (physical memory assigned to process): 212M, peak: 504M
current process commit charge ("private bytes"): 587M, peak: 587M

vm_info: OpenJDK 64-Bit Server VM (11.0.12+7-b1504.28-7817840) for windows-amd64 JRE (11.0.12+7-b1504.28-7817840), built on Oct 13 2021 22:12:33 by "builder" with MS VC++ 14.0 (VS2015)

END.
